Removed Pin From Net: NetName=SCL Pin=R3-1
Removed Pin From Net: NetName=+5V Pin=R3-2
Removed Pin From Net: NetName=SDA Pin=R4-1
Removed Pin From Net: NetName=+5V Pin=R4-2
Added Component: Designator=R3(DIEN TRO 0805)
Add component (AddParameter): Name = "LatestRevisionDate"; Value = "17-Jul-2002"; VariantName = "[No Variations]"
Add component (AddParameter): Name = "LatestRevisionNote"; Value = "Re-released for DXP Platform."; VariantName = "[No Variations]"
Add component (AddParameter): Name = "PackageReference"; Value = "AXIAL-0.4"; VariantName = "[No Variations]"
Add component (AddParameter): Name = "Published"; Value = "8-Jun-2000"; VariantName = "[No Variations]"
Add component (AddParameter): Name = "Publisher"; Value = "Altium Limited"; VariantName = "[No Variations]"
Add component (AddParameter): Name = "Value"; Value = "10k"; VariantName = "[No Variations]"
Added Component: Designator=R4(DIEN TRO 0805)
Add component (AddParameter): Name = "LatestRevisionDate"; Value = "17-Jul-2002"; VariantName = "[No Variations]"
Add component (AddParameter): Name = "LatestRevisionNote"; Value = "Re-released for DXP Platform."; VariantName = "[No Variations]"
Add component (AddParameter): Name = "PackageReference"; Value = "AXIAL-0.4"; VariantName = "[No Variations]"
Add component (AddParameter): Name = "Published"; Value = "8-Jun-2000"; VariantName = "[No Variations]"
Add component (AddParameter): Name = "Publisher"; Value = "Altium Limited"; VariantName = "[No Variations]"
Add component (AddParameter): Name = "Value"; Value = "10k"; VariantName = "[No Variations]"
Added Pin To Net: NetName=SCL Pin=R3-1
Added Pin To Net: NetName=+5V Pin=R3-2
Added Pin To Net: NetName=SDA Pin=R4-1
Added Pin To Net: NetName=+5V Pin=R4-2
Added Member To Class: ClassName=stm8_sensor Member=Component * Jump1_2.54
Added Member To Class: ClassName=stm8_sensor Member=Component * Jump1_2.54
Added Member To Class: ClassName=stm8_sensor Member=Component * Jump1_2.54
Added Member To Class: ClassName=stm8_sensor Member=Component * Jump1_2.54
Added Room: Name=stm8_sensor
