Removed Pin From Net: NetName=+5V Pin=LED1-1
Removed Pin From Net: NetName=GND Pin=LED2-2
Removed Member From Class: ClassName=stm8_sensor Member=LED2
Change Component Footprint: Designator=LED1 Old Footprint=LED-0805-Green New Footprint=LED-5-Yellow
Change component parameters: Designator = "LED1" ("LED1"); Footprint = "LED-0805-Green"; UniqueID = "\DDXCBBPW" ("\DDXCBBPW")
Change component parameters (AddParameter): Name = "Value"; Value = "LED 3 ly Single Colour"; VariantName = "[No Variations]"
Added Component: Designator=LED4(LED-5-RED)
Add component (AddParameter): Name = "Value"; Value = "LED 3 ly Single Colour"; VariantName = "[No Variations]"
Added Component: Designator=LED-RX(LED-5-Green)
Add component (AddParameter): Name = "Value"; Value = "LED 3 ly Single Colour"; VariantName = "[No Variations]"
Added Component: Designator=LED-TX(LED-5-BLUE)
Add component (AddParameter): Name = "Value"; Value = "LED 3 ly Single Colour"; VariantName = "[No Variations]"
Added Component: Designator=R16(DIEN TRO 0805)
Add component (AddParameter): Name = "LatestRevisionDate"; Value = "17-Jul-2002"; VariantName = "[No Variations]"
Add component (AddParameter): Name = "LatestRevisionNote"; Value = "Re-released for DXP Platform."; VariantName = "[No Variations]"
Add component (AddParameter): Name = "PackageReference"; Value = "AXIAL-0.4"; VariantName = "[No Variations]"
Add component (AddParameter): Name = "Published"; Value = "8-Jun-2000"; VariantName = "[No Variations]"
Add component (AddParameter): Name = "Publisher"; Value = "Altium Limited"; VariantName = "[No Variations]"
Add component (AddParameter): Name = "Value"; Value = "0805"; VariantName = "[No Variations]"
Added Component: Designator=R17(DIEN TRO 0805)
Add component (AddParameter): Name = "LatestRevisionDate"; Value = "17-Jul-2002"; VariantName = "[No Variations]"
Add component (AddParameter): Name = "LatestRevisionNote"; Value = "Re-released for DXP Platform."; VariantName = "[No Variations]"
Add component (AddParameter): Name = "PackageReference"; Value = "AXIAL-0.4"; VariantName = "[No Variations]"
Add component (AddParameter): Name = "Published"; Value = "8-Jun-2000"; VariantName = "[No Variations]"
Add component (AddParameter): Name = "Publisher"; Value = "Altium Limited"; VariantName = "[No Variations]"
Add component (AddParameter): Name = "Value"; Value = "0805"; VariantName = "[No Variations]"
Added Pin To Net: NetName=GND Pin=LED1-2
Added Pin To Net: NetName=+5V Pin=LED4-1
Added Pin To Net: NetName=RX Pin=LED-RX-2
Added Pin To Net: NetName=TX Pin=LED-TX-2
Added Pin To Net: NetName=+5V Pin=R16-2
Added Pin To Net: NetName=+5V Pin=R17-2
Added Pin To Net: NetName=NetLED1_1 Pin=LED1-1
Added Pin To Net: NetName=NetLED1_1 Pin=R5-1
Added Net: Name=NetLED1_1
Added Pin To Net: NetName=NetLED4_2 Pin=LED4-2
Added Pin To Net: NetName=NetLED4_2 Pin=R2-2
Added Net: Name=NetLED4_2
Added Pin To Net: NetName=NetLED-RX_1 Pin=LED-RX-1
Added Pin To Net: NetName=NetLED-RX_1 Pin=R17-1
Added Net: Name=NetLED-RX_1
Added Pin To Net: NetName=NetLED-TX_1 Pin=LED-TX-1
Added Pin To Net: NetName=NetLED-TX_1 Pin=R16-1
Added Net: Name=NetLED-TX_1
Added Member To Class: ClassName=stm8_sensor Member=Component LED4 LED
Added Member To Class: ClassName=stm8_sensor Member=Component LED-RX LED
Added Member To Class: ClassName=stm8_sensor Member=Component LED-TX LED
Added Member To Class: ClassName=stm8_sensor Member=Component R16 R0805
Added Member To Class: ClassName=stm8_sensor Member=Component R17 R0805
Added Room: Name=stm8_sensor
